<?xml version="1.0" encoding="UTF-8"?>
<!-- Generated by org.testng.reporters.JUnitXMLReporter -->
<testsuite hostname="DESKTOP-JPUHBTB" ignored="0" name="Test" tests="6" failures="0" timestamp="2020-11-26T11:14:23 IST" time="0.121" errors="0">
  <testcase name="editUser" time="0.015" classname="Qsp.DemoA"/>
  <testcase name="registerUser" time="0.002" classname="Qsp.DemoA"/>
  <testcase name="deleteUser" time="0.003" classname="Qsp.DemoA"/>
  <testcase name="registerUser" time="0.002" classname="Qsp.demoB$DemoA2"/>
  <testcase name="deleteUser" time="0.002" classname="Qsp.demoB$DemoA2"/>
  <testcase name="editUser" time="0.004" classname="Qsp.demoB$DemoA2"/>
</testsuite> <!-- Test -->
